[  408242ms] [INFO] Jun-20 16:26:04.555 [METRICS] Starting timers for metrics collection @ https://a.slack-edge.com/bv1-13-br/gantry-v2-shared.464ff8fe94a6bddb533e.min.js?cacheKey=gantry-1781981265:0
[  408468ms] [INFO] Jun-20 16:26:04.781 [APP] client-v2 @ https://a.slack-edge.com/bv1-13-br/gantry-v2-shared.464ff8fe94a6bddb533e.min.js?cacheKey=gantry-1781981265:0
[  408468ms] [INFO] Jun-20 16:26:04.781 [DATE/TIME] 1781987164781 Sat Jun 20 2026 16:26:04 GMT-0400 (Eastern Daylight Time) @ https://a.slack-edge.com/bv1-13-br/gantry-v2-shared.464ff8fe94a6bddb533e.min.js?cacheKey=gantry-1781981265:0
[  408468ms] [INFO] Jun-20 16:26:04.782 [VERSION] version_hash: 196faf16ae3b782eda3c304f0a1b422369bbb802 @ https://a.slack-edge.com/bv1-13-br/gantry-v2-shared.464ff8fe94a6bddb533e.min.js?cacheKey=gantry-1781981265:0
[  408468ms] [INFO] Jun-20 16:26:04.782 [VERSION] version_ts: 1781981265 @ https://a.slack-edge.com/bv1-13-br/gantry-v2-shared.464ff8fe94a6bddb533e.min.js?cacheKey=gantry-1781981265:0
[  408468ms] [INFO] Jun-20 16:26:04.782 [VERSION] min_version_data_ts: 1722374725 @ https://a.slack-edge.com/bv1-13-br/gantry-v2-shared.464ff8fe94a6bddb533e.min.js?cacheKey=gantry-1781981265:0
[  408468ms] [INFO] Jun-20 16:26:04.782 [URL] https://app.slack.com/client/T07BLFXTP88/C0APGM9JJH2 @ https://a.slack-edge.com/bv1-13-br/gantry-v2-shared.464ff8fe94a6bddb533e.min.js?cacheKey=gantry-1781981265:0
[  408468ms] [WARNING] Jun-20 16:26:04.782 [AUTH] lc cookie (NaN) is missing @ https://a.slack-edge.com/bv1-13-br/gantry-v2-shared.464ff8fe94a6bddb533e.min.js?cacheKey=gantry-1781981265:0
[  408469ms] [INFO] Jun-20 16:26:04.782 [AUTH] Need to re-fetch auth (sc=NaN, psc=NaN, csc=NaN, mfc=true, lf=0, mf=1635006011, sae=false) @ https://a.slack-edge.com/bv1-13-br/gantry-v2-shared.464ff8fe94a6bddb533e.min.js?cacheKey=gantry-1781981265:0
[  408469ms] [INFO] Jun-20 16:26:04.782 [AUTH] fetchAuthAndReturnToUrl: auth fetch times: 1781987164782 @ https://a.slack-edge.com/bv1-13-br/gantry-v2-shared.464ff8fe94a6bddb533e.min.js?cacheKey=gantry-1781981265:0
[  408469ms] [INFO] Jun-20 16:26:04.783 [AUTH] fetchAuthAndReturnToUrl: will return to /client/T07BLFXTP88/C0APGM9JJH2 @ https://a.slack-edge.com/bv1-13-br/gantry-v2-shared.464ff8fe94a6bddb533e.min.js?cacheKey=gantry-1781981265:0
[  408469ms] [INFO] Jun-20 16:26:04.783 [AUTH] fetchAuthAndReturnToUrl: fetching credentials with iframe at /auth?app=client&return_to=%2Fclient%2FT07BLFXTP88%2FC0APGM9JJH2&teams= @ https://a.slack-edge.com/bv1-13-br/gantry-v2-shared.464ff8fe94a6bddb533e.min.js?cacheKey=gantry-1781981265:0
[  408470ms] [LOG] [WD] All assets have reported back; s: 7; f: 0 @ https://app.slack.com/client/T07BLFXTP88/C0APGM9JJH2:0
[  408529ms] [LOG] [AUTH] credentials are ready @ https://app.slack.com/auth?app=client&return_to=%2Fclient%2FT07BLFXTP88%2FC0APGM9JJH2&teams=&iframe=1:3
[  408530ms] [INFO] Jun-20 16:26:04.844 [AUTH] credentials are ready ({"added":[],"changed":[],"removed":[],"pending":[],"isNoOp":true,"areChangedTeamsIncompatible":false}) @ https://a.slack-edge.com/bv1-13-br/gantry-v2-shared.464ff8fe94a6bddb533e.min.js?cacheKey=gantry-1781981265:0
[  408530ms] [INFO] Jun-20 16:26:04.844 [LOCAL-CONFIG] ingestIncomingConfig(): processing 101 bytes of data @ https://a.slack-edge.com/bv1-13-br/gantry-v2-shared.464ff8fe94a6bddb533e.min.js?cacheKey=gantry-1781981265:0
[  408530ms] [INFO] Jun-20 16:26:04.844 [LOCAL-CONFIG] No "teams" in new local config. IncomingConfig: . New Config: . Previous Config: . @ https://a.slack-edge.com/bv1-13-br/gantry-v2-shared.464ff8fe94a6bddb533e.min.js?cacheKey=gantry-1781981265:0
[  408530ms] [INFO] Jun-20 16:26:04.844 [LOCAL-CONFIG] ingestIncomingConfig(): teams before: (none), teams now: (no change) @ https://a.slack-edge.com/bv1-13-br/gantry-v2-shared.464ff8fe94a6bddb533e.min.js?cacheKey=gantry-1781981265:0
[  408531ms] [INFO] Jun-20 16:26:04.844 [BOOT] Initial user team ID: undefined @ https://a.slack-edge.com/bv1-13-br/gantry-v2-shared.464ff8fe94a6bddb533e.min.js?cacheKey=gantry-1781981265:0
[  408531ms] [WARNING] Jun-20 16:26:04.844 [AUTH] Not signed into any teams @ https://a.slack-edge.com/bv1-13-br/gantry-v2-shared.464ff8fe94a6bddb533e.min.js?cacheKey=gantry-1781981265:0
[  408531ms] [INFO] Jun-20 16:26:04.844 [AUTH] Navigating to sign-in @ https://a.slack-edge.com/bv1-13-br/gantry-v2-shared.464ff8fe94a6bddb533e.min.js?cacheKey=gantry-1781981265:0
[  408531ms] [INFO] Jun-20 16:26:04.844 [AUTH] Expired team: undefined. Sign in url: /workspace-signin?redir=%2Fgantry%2Fauth%3Fapp%3Dclient%26lc%3D1781987164%26return_to%3D%252Fclient%252FT07BLFXTP88%252FC0APGM9JJH2%26teams%3D @ https://a.slack-edge.com/bv1-13-br/gantry-v2-shared.464ff8fe94a6bddb533e.min.js?cacheKey=gantry-1781981265:0
[  409009ms] [LOG] 10 CDN assets loaded OK @ https://app.slack.com/workspace-signin?redir=%2Fgantry%2Fauth%3Fapp%3Dclient%26lc%3D1781987164%26return_to%3D%252Fclient%252FT07BLFXTP88%252FC0APGM9JJH2%26teams%3D:144
[  409017ms] [INFO] Jun-20 16:26:05.331 [TRACER] Tracing is not sampled by default for this session. @ https://a.slack-edge.com/bv1-13-br/signin-core.cb05e8389e667f98f9f3.primer.min.js:146
[  409021ms] [WARNING] Jun-20 16:26:05.334 TELEMETRY You tried to get a team-specific telemeter but didn’t provide enough context and are getting the generic telemeter instead which is likely not what you want. @ https://a.slack-edge.com/bv1-13-br/signin-core.cb05e8389e667f98f9f3.primer.min.js:146
[  409040ms] [WARNING] Jun-20 16:26:05.353 TRACES You tried to get a team-specific tracer but didn’t provide enough context and are getting the generic tracer instead which is likely not what you want. @ https://a.slack-edge.com/bv1-13-br/signin-core.cb05e8389e667f98f9f3.primer.min.js:146
[  409041ms] [WARNING] Jun-20 16:26:05.355 TRACES You tried to get a team-specific tracer but didn’t provide enough context and are getting the generic tracer instead which is likely not what you want. @ https://a.slack-edge.com/bv1-13-br/signin-core.cb05e8389e667f98f9f3.primer.min.js:146
[  409042ms] [INFO] Jun-20 16:26:05.355 [API-Q] (T00000000) noversion-1781987165.354 signin.findWorkspaces called with reason: get_started_already_signed_into @ https://a.slack-edge.com/bv1-13-br/signin-core.cb05e8389e667f98f9f3.primer.min.js:146
[  409042ms] [INFO] Jun-20 16:26:05.355 [API-Q] (T00000000) noversion-1781987165.354 signin.findWorkspaces is ENQUEUED @ https://a.slack-edge.com/bv1-13-br/signin-core.cb05e8389e667f98f9f3.primer.min.js:146
[  409178ms] [INFO] Jun-20 16:26:05.491 [API-Q] (T00000000) noversion-1781987165.354 signin.findWorkspaces is ACTIVE @ https://a.slack-edge.com/bv1-13-br/signin-core.cb05e8389e667f98f9f3.primer.min.js:146
[  409226ms] [INFO] Jun-20 16:26:05.540 [API-Q] (T00000000) noversion-1781987165.354 signin.findWorkspaces is RESOLVED @ https://a.slack-edge.com/bv1-13-br/signin-core.cb05e8389e667f98f9f3.primer.min.js:146
[  409228ms] [WARNING] Jun-20 16:26:05.541 TRACES You tried to get a team-specific tracer but didn’t provide enough context and are getting the generic tracer instead which is likely not what you want. @ https://a.slack-edge.com/bv1-13-br/signin-core.cb05e8389e667f98f9f3.primer.min.js:146
[  409228ms] [WARNING] Jun-20 16:26:05.542 TRACES You tried to get a team-specific tracer but didn’t provide enough context and are getting the generic tracer instead which is likely not what you want. @ https://a.slack-edge.com/bv1-13-br/signin-core.cb05e8389e667f98f9f3.primer.min.js:146
[  409228ms] [INFO] Jun-20 16:26:05.542 [API-Q] (T00000000) noversion-1781987165.541 signin.findWorkspaces called with reason: get_started_already_signed_into @ https://a.slack-edge.com/bv1-13-br/signin-core.cb05e8389e667f98f9f3.primer.min.js:146
[  409228ms] [INFO] Jun-20 16:26:05.542 [API-Q] (T00000000) noversion-1781987165.541 signin.findWorkspaces is ENQUEUED @ https://a.slack-edge.com/bv1-13-br/signin-core.cb05e8389e667f98f9f3.primer.min.js:146
[  409229ms] [INFO] Jun-20 16:26:05.542 [API-Q] (T00000000) noversion-1781987165.541 signin.findWorkspaces is ACTIVE @ https://a.slack-edge.com/bv1-13-br/signin-core.cb05e8389e667f98f9f3.primer.min.js:146
[  409293ms] [INFO] Jun-20 16:26:05.607 [API-Q] (T00000000) noversion-1781987165.541 signin.findWorkspaces is RESOLVED @ https://a.slack-edge.com/bv1-13-br/signin-core.cb05e8389e667f98f9f3.primer.min.js:146
[  427790ms] TypeError: Cannot read properties of undefined (reading 'analytics')
    at afterConsentScripts (https://app.slack.com/workspace-signin?redir=%2Fgantry%2Fauth%3Fapp%3Dclient%26lc%3D1781987164%26return_to%3D%252Fclient%252FT07BLFXTP88%252FC0APGM9JJH2%26teams%3D:579:12)
    at https://app.slack.com/workspace-signin?redir=%2Fgantry%2Fauth%3Fapp%3Dclient%26lc%3D1781987164%26return_to%3D%252Fclient%252FT07BLFXTP88%252FC0APGM9JJH2%26teams%3D:649:3
    at https://cdn.cookielaw.org/scripttemplates/202604.2.0/otBannerSdk.js:7:108888
[  439566ms] TypeError: window.lintrk is not a function
    at <anonymous>:1:8
    at https://www.googletagmanager.com/gtm.js?id=GTM-KH2LPK:1072:429
    at PR (https://www.googletagmanager.com/gtm.js?id=GTM-KH2LPK:1074:31)
    at Nd.OR (https://www.googletagmanager.com/gtm.js?id=GTM-KH2LPK:1071:92)
    at Nd.<anonymous> (https://www.googletagmanager.com/gtm.js?id=GTM-KH2LPK:444:187)
    at k.apply (https://www.googletagmanager.com/gtm.js?id=GTM-KH2LPK:366:466)
    at hb (https://www.googletagmanager.com/gtm.js?id=GTM-KH2LPK:328:719)
    at gb (https://www.googletagmanager.com/gtm.js?id=GTM-KH2LPK:328:470)
    at Nd.<anonymous> (https://www.googletagmanager.com/gtm.js?id=GTM-KH2LPK:390:473)
    at k.apply (https://www.googletagmanager.com/gtm.js?id=GTM-KH2LPK:366:466)
    at hb (https://www.googletagmanager.com/gtm.js?id=GTM-KH2LPK:328:719)
    at k.Tq (https://www.googletagmanager.com/gtm.js?id=GTM-KH2LPK:328:1286)
    at uf (https://www.googletagmanager.com/gtm.js?id=GTM-KH2LPK:401:960)
    at https://www.googletagmanager.com/gtm.js?id=GTM-KH2LPK:861:315
    at Rz (https://www.googletagmanager.com/gtm.js?id=GTM-KH2LPK:764:1)
    at Yz.evaluate (https://www.googletagmanager.com/gtm.js?id=GTM-KH2LPK:769:289)
[  439566ms] TypeError: window.lintrk is not a function
    at <anonymous>:1:8
    at https://www.googletagmanager.com/gtm.js?id=GTM-KH2LPK:1072:429
    at PR (https://www.googletagmanager.com/gtm.js?id=GTM-KH2LPK:1074:31)
    at Nd.OR (https://www.googletagmanager.com/gtm.js?id=GTM-KH2LPK:1071:92)
    at Nd.<anonymous> (https://www.googletagmanager.com/gtm.js?id=GTM-KH2LPK:444:187)
    at k.apply (https://www.googletagmanager.com/gtm.js?id=GTM-KH2LPK:366:466)
    at hb (https://www.googletagmanager.com/gtm.js?id=GTM-KH2LPK:328:719)
    at gb (https://www.googletagmanager.com/gtm.js?id=GTM-KH2LPK:328:470)
    at Nd.<anonymous> (https://www.googletagmanager.com/gtm.js?id=GTM-KH2LPK:390:473)
    at k.apply (https://www.googletagmanager.com/gtm.js?id=GTM-KH2LPK:366:466)
    at hb (https://www.googletagmanager.com/gtm.js?id=GTM-KH2LPK:328:719)
    at k.Tq (https://www.googletagmanager.com/gtm.js?id=GTM-KH2LPK:328:1286)
    at uf (https://www.googletagmanager.com/gtm.js?id=GTM-KH2LPK:401:960)
    at https://www.googletagmanager.com/gtm.js?id=GTM-KH2LPK:861:315
    at Rz (https://www.googletagmanager.com/gtm.js?id=GTM-KH2LPK:764:1)
    at Yz.evaluate (https://www.googletagmanager.com/gtm.js?id=GTM-KH2LPK:769:289)
